<?xml version="1.0" encoding="UTF-8"?>
<testng-results ignored="0" total="1" passed="1" failed="0" skipped="0">
  <reporter-output>
  </reporter-output>
  <suite started-at="2021-02-12T11:27:44 IST" name="QAF Demo" finished-at="2021-02-12T11:27:49 IST" duration-ms="5341">
    <groups>
      <group name="scenario">
        <method signature="Scenario.scenario()[pri:0, instance:com.qmetry.qaf.automation.step.client.Scenario@3e8, instance params:[org.testng.TestRunner@7b420819]]" name="scenario" class="com.qmetry.qaf.automation.step.client.Scenario"/>
      </group> <!-- scenario -->
    </groups>
    <test started-at="2021-02-12T11:27:44 IST" name="BDD Test" finished-at="2021-02-12T11:27:49 IST" duration-ms="5341">
      <class name="com.qmetry.qaf.automation.step.client.Scenario">
        <test-method is-config="true" signature="setupSuit(org.testng.ITestContext)[pri:0, instance:com.qmetry.qaf.automation.step.client.Scenario@3e8]" started-at="2021-02-12T11:27:44 IST" name="setupSuit" test-instance-name="Facebook Search in Google" finished-at="2021-02-12T11:27:44 IST" duration-ms="16" status="PASS">
          <params>
            <param index="0">
              <value>
                <![CDATA[org.testng.TestRunner@7b420819]]>
              </value>
            </param>
          </params>
          <reporter-output>
          </reporter-output>
        </test-method> <!-- setupSuit -->
        <test-method is-config="true" signature="setupTest(org.testng.ITestContext)[pri:0, instance:com.qmetry.qaf.automation.step.client.Scenario@3e8]" started-at="2021-02-12T11:27:44 IST" name="setupTest" test-instance-name="Facebook Search in Google" finished-at="2021-02-12T11:27:44 IST" duration-ms="1" status="PASS">
          <params>
            <param index="0">
              <value>
                <![CDATA[org.testng.TestRunner@7b420819]]>
              </value>
            </param>
          </params>
          <reporter-output>
          </reporter-output>
        </test-method> <!-- setupTest -->
        <test-method is-config="true" signature="setup(org.testng.ITestContext)[pri:0, instance:com.qmetry.qaf.automation.step.client.Scenario@3e8]" started-at="2021-02-12T11:27:44 IST" name="setup" test-instance-name="Facebook Search in Google" finished-at="2021-02-12T11:27:44 IST" duration-ms="0" status="PASS">
          <params>
            <param index="0">
              <value>
                <![CDATA[org.testng.TestRunner@7b420819]]>
              </value>
            </param>
          </params>
          <reporter-output>
          </reporter-output>
        </test-method> <!-- setup -->
        <test-method is-config="true" signature="setupMethod(java.lang.reflect.Method, org.testng.ITestContext)[pri:0, instance:com.qmetry.qaf.automation.step.client.Scenario@3e8]" started-at="2021-02-12T11:27:44 IST" name="setupMethod" test-instance-name="Facebook Search in Google" finished-at="2021-02-12T11:27:44 IST" duration-ms="0" status="PASS">
          <params>
            <param index="0">
              <value>
                <![CDATA[public void com.qmetry.qaf.automation.step.client.Scenario.scenario()]]>
              </value>
            </param>
            <param index="1">
              <value>
                <![CDATA[org.testng.TestRunner@7b420819]]>
              </value>
            </param>
          </params>
          <reporter-output>
          </reporter-output>
        </test-method> <!-- setupMethod -->
        <test-method signature="scenario()[pri:0, instance:com.qmetry.qaf.automation.step.client.Scenario@3e8, instance params:[org.testng.TestRunner@7b420819]]" started-at="2021-02-12T11:27:44 IST" name="scenario" test-instance-name="Facebook Search in Google" finished-at="2021-02-12T11:27:49 IST" duration-ms="5242" status="PASS">
          <reporter-output>
          </reporter-output>
        </test-method> <!-- scenario -->
        <test-method is-config="true" signature="afterMethod(org.testng.ITestContext, org.testng.ITestResult)[pri:0, instance:com.qmetry.qaf.automation.step.client.Scenario@3e8]" started-at="2021-02-12T11:27:49 IST" name="afterMethod" test-instance-name="Facebook Search in Google" finished-at="2021-02-12T11:27:49 IST" duration-ms="2" status="PASS">
          <params>
            <param index="0">
              <value>
                <![CDATA[org.testng.TestRunner@7b420819]]>
              </value>
            </param>
            <param index="1">
              <value>
                <![CDATA[[TestResult name=Facebook Search in Google status=SUCCESS method=Scenario.scenario()[pri:0, instance:com.qmetry.qaf.automation.step.client.Scenario@3e8, instance params:[org.testng.TestRunner@7b420819]] output={null}]]]>
              </value>
            </param>
          </params>
          <reporter-output>
          </reporter-output>
        </test-method> <!-- afterMethod -->
        <test-method is-config="true" signature="afterClass(org.testng.ITestContext)[pri:0, instance:com.qmetry.qaf.automation.step.client.Scenario@3e8]" started-at="2021-02-12T11:27:49 IST" name="afterClass" test-instance-name="Facebook Search in Google" finished-at="2021-02-12T11:27:49 IST" duration-ms="2" status="PASS">
          <params>
            <param index="0">
              <value>
                <![CDATA[org.testng.TestRunner@7b420819]]>
              </value>
            </param>
          </params>
          <reporter-output>
          </reporter-output>
        </test-method> <!-- afterClass -->
        <test-method is-config="true" signature="afterTest(org.testng.ITestContext)[pri:0, instance:com.qmetry.qaf.automation.step.client.Scenario@3e8]" started-at="2021-02-12T11:27:49 IST" name="afterTest" test-instance-name="Facebook Search in Google" finished-at="2021-02-12T11:27:49 IST" duration-ms="41" status="PASS">
          <params>
            <param index="0">
              <value>
                <![CDATA[org.testng.TestRunner@7b420819]]>
              </value>
            </param>
          </params>
          <reporter-output>
          </reporter-output>
        </test-method> <!-- afterTest -->
        <test-method is-config="true" signature="afterSuit(org.testng.ITestContext)[pri:0, instance:com.qmetry.qaf.automation.step.client.Scenario@3e8]" started-at="2021-02-12T11:27:49 IST" name="afterSuit" test-instance-name="Facebook Search in Google" finished-at="2021-02-12T11:27:49 IST" duration-ms="1" status="PASS">
          <params>
            <param index="0">
              <value>
                <![CDATA[org.testng.TestRunner@7b420819]]>
              </value>
            </param>
          </params>
          <reporter-output>
          </reporter-output>
        </test-method> <!-- afterSuit -->
      </class> <!-- com.qmetry.qaf.automation.step.client.Scenario -->
    </test> <!-- BDD Test -->
  </suite> <!-- QAF Demo -->
</testng-results>
