<?xml version="1.0" encoding="UTF-8"?>
<!-- Generated by org.testng.reporters.JUnitXMLReporter -->
<testsuite ignored="5" hostname="LAPTOP-31O9A7FB" failures="0" tests="3" name="Gherkin-QAF-Test" time="3.725" errors="0" timestamp="2021-01-31T14:27:39 IST">
  <testcase classname="com.qmetry.qaf.automation.step.client.Scenario" name="Facebook Search in Google" time="3.17"/>
  <testcase classname="com.qmetry.qaf.automation.step.client.Scenario" name="Facebook Search in Google" time="0.452"/>
  <testcase classname="com.qmetry.qaf.automation.step.client.DataDrivenScenario" name="Create ABC" time="0.0">
    <skipped/>
  </testcase> <!-- Create ABC -->
  <testcase classname="com.qmetry.qaf.automation.step.client.DataDrivenScenario" name="scenario" time="0.0">
    <ignored/>
  </testcase> <!-- scenario -->
  <testcase classname="com.qmetry.qaf.automation.testng.TestNGTestCase" name="@BeforeTest setupTest" time="0.0">
    <ignored/>
  </testcase> <!-- @BeforeTest setupTest -->
  <testcase classname="com.qmetry.qaf.automation.testng.TestNGTestCase" name="@BeforeSuite setupSuit" time="0.0">
    <ignored/>
  </testcase> <!-- @BeforeSuite setupSuit -->
  <testcase classname="com.qmetry.qaf.automation.testng.TestNGTestCase" name="@AfterSuite afterSuit" time="0.0">
    <ignored/>
  </testcase> <!-- @AfterSuite afterSuit -->
  <testcase classname="com.qmetry.qaf.automation.ui.AbstractTestCase" name="@AfterTest afterTest" time="0.0">
    <ignored/>
  </testcase> <!-- @AfterTest afterTest -->
</testsuite> <!-- Gherkin-QAF-Test -->
